time="2021-03-31T18:31:35Z" level=info msg="I have to go..."
time="2021-03-31T18:31:35Z" level=info msg="Stopping server gracefully"
time="2021-03-31T18:31:35Z" level=debug msg="Waiting 10s seconds before killing connections." entryPointName=http
time="2021-03-31T18:31:35Z" level=error msg="accept tcp [::]:80: use of closed network connection" entryPointName=http
time="2021-03-31T18:31:35Z" level=error msg="Error while starting server: http: Server closed" entryPointName=http
time="2021-03-31T18:31:35Z" level=error msg="Error while starting server: http: Server closed" entryPointName=http
time="2021-03-31T18:31:35Z" level=error msg="close tcp [::]:80: use of closed network connection" entryPointName=http
time="2021-03-31T18:31:35Z" level=debug msg="Entry point http closed" entryPointName=http
time="2021-03-31T18:31:35Z" level=info msg="Server stopped"
time="2021-03-31T18:31:35Z" level=info msg="Shutting down"
time="2021-03-31T18:31:50Z" level=info msg="Traefik version 2.4.8 built on 2021-03-23T15:48:39Z"
time="2021-03-31T18:31:50Z" level=info msg="\nStats collection is disabled.\nHelp us improve Traefik by turning this feature on :)\nMore details on: https://doc.traefik.io/traefik/contributing/data-collection/\n"
time="2021-03-31T18:31:50Z" level=info msg="Starting provider aggregator.ProviderAggregator {}"
time="2021-03-31T18:31:50Z" level=info msg="Starting provider *traefik.Provider {}"
time="2021-03-31T18:31:50Z" level=info msg="Starting provider *acme.ChallengeTLSALPN {\"Timeout\":4000000000}"
time="2021-03-31T18:31:50Z" level=info msg="Starting provider *docker.Provider {\"watch\":true,\"endpoint\":\"unix:///var/run/docker.sock\",\"defaultRule\":\"Host(`{{ normalize .Name }}`)\",\"exposedByDefault\":true,\"swarmModeRefreshSeconds\":15000000000}"
time="2021-03-31T18:44:53Z" level=info msg="I have to go..."
time="2021-03-31T18:44:53Z" level=info msg="Stopping server gracefully"
time="2021-03-31T18:44:53Z" level=error msg="accept tcp [::]:80: use of closed network connection" entryPointName=http
time="2021-03-31T18:44:53Z" level=error msg="Error while starting server: http: Server closed" entryPointName=http
time="2021-03-31T18:44:53Z" level=error msg="Error while starting server: http: Server closed" entryPointName=http
time="2021-03-31T18:44:53Z" level=error msg="close tcp [::]:80: use of closed network connection" entryPointName=http
time="2021-03-31T18:44:53Z" level=info msg="Server stopped"
time="2021-03-31T18:44:53Z" level=info msg="Shutting down"
time="2021-03-31T18:44:55Z" level=info msg="Traefik version 2.4.8 built on 2021-03-23T15:48:39Z"
time="2021-03-31T18:44:55Z" level=info msg="\nStats collection is disabled.\nHelp us improve Traefik by turning this feature on :)\nMore details on: https://doc.traefik.io/traefik/contributing/data-collection/\n"
time="2021-03-31T18:44:55Z" level=info msg="Starting provider aggregator.ProviderAggregator {}"
time="2021-03-31T18:44:55Z" level=info msg="Starting provider *traefik.Provider {}"
time="2021-03-31T18:44:55Z" level=info msg="Starting provider *docker.Provider {\"watch\":true,\"endpoint\":\"unix:///var/run/docker.sock\",\"defaultRule\":\"Host(`{{ normalize .Name }}`)\",\"exposedByDefault\":true,\"swarmModeRefreshSeconds\":15000000000}"
time="2021-03-31T18:44:55Z" level=info msg="Starting provider *acme.ChallengeTLSALPN {\"Timeout\":4000000000}"
time="2021-03-31T18:51:15Z" level=info msg="I have to go..."
time="2021-03-31T18:51:15Z" level=info msg="Stopping server gracefully"
time="2021-03-31T18:51:15Z" level=error msg="accept tcp [::]:8080: use of closed network connection" entryPointName=traefik
time="2021-03-31T18:51:15Z" level=error msg="Error while starting server: http: Server closed" entryPointName=traefik
time="2021-03-31T18:51:15Z" level=error msg="accept tcp [::]:80: use of closed network connection" entryPointName=http
time="2021-03-31T18:51:15Z" level=error msg="Error while starting server: http: Server closed" entryPointName=http
time="2021-03-31T18:51:15Z" level=error msg="close tcp [::]:8080: use of closed network connection" entryPointName=traefik
time="2021-03-31T18:51:15Z" level=error msg="Error while starting server: http: Server closed" entryPointName=http
time="2021-03-31T18:51:15Z" level=error msg="close tcp [::]:80: use of closed network connection" entryPointName=http
time="2021-03-31T18:51:15Z" level=info msg="Server stopped"
time="2021-03-31T18:51:15Z" level=error msg="Error while starting server: http: Server closed" entryPointName=traefik
time="2021-03-31T18:51:15Z" level=info msg="Shutting down"
time="2021-03-31T18:51:16Z" level=info msg="Traefik version 2.4.8 built on 2021-03-23T15:48:39Z"
time="2021-03-31T18:51:16Z" level=info msg="\nStats collection is disabled.\nHelp us improve Traefik by turning this feature on :)\nMore details on: https://doc.traefik.io/traefik/contributing/data-collection/\n"
time="2021-03-31T18:51:16Z" level=info msg="Starting provider aggregator.ProviderAggregator {}"
time="2021-03-31T18:51:16Z" level=info msg="Starting provider *traefik.Provider {}"
time="2021-03-31T18:51:16Z" level=info msg="Starting provider *acme.ChallengeTLSALPN {\"Timeout\":4000000000}"
time="2021-03-31T18:51:16Z" level=info msg="Starting provider *docker.Provider {\"watch\":true,\"endpoint\":\"unix:///var/run/docker.sock\",\"defaultRule\":\"Host(`{{ normalize .Name }}`)\",\"exposedByDefault\":true,\"swarmModeRefreshSeconds\":15000000000}"
